-------------------------------------------------------------------------------
Test set: com.javaunit3.springmvc.SpringmvcApplicationTests
-------------------------------------------------------------------------------
Tests run: 1, Failures: 0, Errors: 1, Skipped: 0, Time elapsed: 1.635 s <<< FAILURE! - in com.javaunit3.springmvc.SpringmvcApplicationTests
contextLoads  Time elapsed: 0.002 s  <<< ERROR!
java.lang.IllegalStateException: Failed to load ApplicationContext
Caused by: org.springframework.beans.factory.UnsatisfiedDependencyException: Error creating bean with name 'bestMovieService' defined in file [C:\Users\Boty K\Downloads\java-proj-3\java-proj-3\starter\target\test-classes\com\javaunit3\springmvc\BestMovieService.class]: Unsatisfied dependency expressed through constructor parameter 0; nested exception is org.springframework.beans.factory.NoSuchBeanDefinitionException: No qualifying bean of type 'com.javaunit3.springmvc.Movie' available: expected at least 1 bean which qualifies as autowire candidate. Dependency annotations: {@org.springframework.beans.factory.annotation.Qualifier("")}
Caused by: org.springframework.beans.factory.NoSuchBeanDefinitionException: No qualifying bean of type 'com.javaunit3.springmvc.Movie' available: expected at least 1 bean which qualifies as autowire candidate. Dependency annotations: {@org.springframework.beans.factory.annotation.Qualifier("")}

